<?xml version="1.0" encoding="UTF-8"?>
<!-- Generated by org.testng.reporters.JUnitReportReporter -->
<testsuite hostname="PAM123" name="app.fynd.Tests.PlaceOrderSanity" tests="1" failures="0" timestamp="11 May 2017 14:45:47 GMT" time="156.901" errors="0">
  <testcase name="placeOrderBySearch" time="156.901" classname="app.fynd.Tests.PlaceOrderSanity"/>
</testsuite> <!-- app.fynd.Tests.PlaceOrderSanity -->
